                      :-) GROMACS - gmx mdrun, 2024.3 (-:

Copyright 1991-2024 The GROMACS Authors.
GROMACS is free software; you can redistribute it and/or modify it
under the terms of the GNU Lesser General Public License
as published by the Free Software Foundation; either version 2.1
of the License, or (at your option) any later version.

                         Current GROMACS contributors:
       Mark Abraham           Andrey Alekseenko           Vladimir Basov      
      Cathrine Bergh            Eliane Briand               Ania Brown        
      Mahesh Doijade            Giacomo Fiorin          Stefan Fleischmann    
      Sergey Gorelov         Gilles Gouaillardet            Alan Gray         
     M. Eric Irrgang         Farzaneh Jalalypour            Joe Jordan        
     Carsten Kutzner           Justin A. Lemkul          Magnus Lundborg      
       Pascal Merz              Vedran Miletic            Dmitry Morozov      
       Julien Nabet              Szilard Pall        Andrea Pasquadibisceglie 
    Michele Pellegrino          Hubert Santuz             Roland Schulz       
     Tatiana Shugaeva          Alexey Shvetsov            Philip Turner       
     Alessandra Villa      Sebastian Wingbermuehle  

                         Previous GROMACS contributors:
        Emile Apol             Rossen Apostolov           James Barnett       
        Paul Bauer          Herman J.C. Berendsen          Par Bjelkmar       
      Christian Blau          Viacheslav Bolnykh            Kevin Boyd        
    Aldert van Buuren          Carlo Camilloni           Rudi van Drunen      
      Anton Feenstra           Oliver Fleetwood            Vytas Gapsys       
       Gaurav Garg             Gerrit Groenhof            Bert de Groot       
      Anca Hamuraru           Vincent Hindriksen          Victor Holanda      
     Aleksei Iupinov          Christoph Junghans        Prashanth Kanduri     
   Dimitrios Karkoulis           Peter Kasson             Sebastian Kehl      
     Sebastian Keller             Jiri Kraus               Per Larsson        
      Viveca Lindahl            Erik Marklund           Pieter Meulenhoff     
      Teemu Murtola              Sander Pronk             Michael Shirts      
      Alfons Sijbers            Balint Soproni         David van der Spoel    
      Peter Tieleman            Carsten Uphoff             Jon Vincent        
     Teemu Virolainen         Christian Wennberg           Maarten Wolf       
      Artem Zhmurov       

                  Coordinated by the GROMACS project leaders:
                           Berk Hess and Erik Lindahl

GROMACS:      gmx mdrun, version 2024.3
Executable:   /apps/spack/root/opt/spack/linux-rhel9-haswell/gcc-13.2.0/gromacs-2024.3-qklo76tbjjhhv44jac5r3z7x56xl3jts/bin/gmx
Data prefix:  /apps/spack/root/opt/spack/linux-rhel9-haswell/gcc-13.2.0/gromacs-2024.3-qklo76tbjjhhv44jac5r3z7x56xl3jts
Working dir:  /nobackup/autodelete/grp/fslg_dellacortelab/rmsf_at_home/hiv1_protease/md/run_1
Process ID:   684
Command line:
  gmx mdrun -deffnm npt

GROMACS version:     2024.3
Precision:           mixed
Memory model:        64 bit
MPI library:         thread_mpi
OpenMP support:      enabled (GMX_OPENMP_MAX_THREADS = 128)
GPU support:         CUDA
NBNxM GPU setup:     super-cluster 2x2x2 / cluster 8
SIMD instructions:   AVX2_256
CPU FFT library:     fftw-3.3.10-sse2-avx-avx2-avx2_128
GPU FFT library:     cuFFT
Multi-GPU FFT:       none
RDTSCP usage:        enabled
TNG support:         enabled
Hwloc support:       hwloc-2.9.1
Tracing support:     disabled
C compiler:          /vapps/rhel9/x86_64/spack/spack-0.22.0/lib/spack/env/gcc/gcc GNU 13.2.0
C compiler flags:    -fexcess-precision=fast -funroll-all-loops -mavx2 -mfma -Wno-missing-field-initializers -O3 -DNDEBUG
C++ compiler:        /vapps/rhel9/x86_64/spack/spack-0.22.0/lib/spack/env/gcc/g++ GNU 13.2.0
C++ compiler flags:  -fexcess-precision=fast -funroll-all-loops -mavx2 -mfma -Wno-missing-field-initializers -Wno-cast-function-type-strict SHELL:-fopenmp -O3 -DNDEBUG
BLAS library:        External - user-supplied
LAPACK library:      External - user-supplied
CUDA compiler:       /apps/spack/root/opt/spack/linux-rhel9-haswell/gcc-13.2.0/cuda-12.4.1-pw6cogp5nuczn2qcgqnw6lvqdznny2ef/bin/nvcc nvcc: NVIDIA (R) Cuda compiler driver;Copyright (c) 2005-2024 NVIDIA Corporation;Built on Thu_Mar_28_02:18:24_PDT_2024;Cuda compilation tools, release 12.4, V12.4.131;Build cuda_12.4.r12.4/compiler.34097967_0
CUDA compiler flags:-std=c++17;--generate-code=arch=compute_50,code=sm_50;--generate-code=arch=compute_52,code=sm_52;--generate-code=arch=compute_60,code=sm_60;--generate-code=arch=compute_61,code=sm_61;--generate-code=arch=compute_70,code=sm_70;--generate-code=arch=compute_75,code=sm_75;--generate-code=arch=compute_80,code=sm_80;--generate-code=arch=compute_86,code=sm_86;--generate-code=arch=compute_89,code=sm_89;--generate-code=arch=compute_90,code=sm_90;-Wno-deprecated-gpu-targets;--generate-code=arch=compute_53,code=sm_53;--generate-code=arch=compute_80,code=sm_80;-use_fast_math;-Xptxas;-warn-double-usage;-Xptxas;-Werror;-D_FORCE_INLINES;-Xcompiler;-fopenmp;-fexcess-precision=fast -funroll-all-loops -mavx2 -mfma -Wno-missing-field-initializers -Wno-cast-function-type-strict SHELL:-fopenmp -O3 -DNDEBUG
CUDA driver:         12.80
CUDA runtime:        12.40


Running on 1 node with total 4 cores, 4 processing units, 1 compatible GPU
Hardware detected on host m13h-2-1:
  CPU info:
    Vendor: Intel
    Brand:  INTEL(R) XEON(R) PLATINUM 8568Y+
    Family: 6   Model: 207   Stepping: 2
    Features: aes apic avx avx2 avx512f avx512cd avx512bw avx512vl avx512bf16 avx512secondFMA clfsh cmov cx8 cx16 f16c fma htt intel lahf mmx msr nonstop_tsc pcid pclmuldq pdcm pdpe1gb popcnt pse rdrnd rdtscp sha sse2 sse3 sse4.1 sse4.2 ssse3 tdt x2apic
    Number of AVX-512 FMA units: 2
  Hardware topology: Full, with devices
    Packages, cores, and logical processors:
    [indices refer to OS logical processors]
      Package  0: [  70] [  72]
      Package  1: [  71] [  73]
    CPU limit set by OS: -1   Recommended max number of threads: 4
    Numa nodes:
      Node  0 (1081565741056 bytes mem):  70  72
      Node  1 (1082312577024 bytes mem):  71  73
      Latency:
               0     1
         0  1.00  2.10
         1  2.10  1.00
    Caches:
      L1: 49152 bytes, linesize 64 bytes, assoc. 12, shared 1 ways
      L2: 2097152 bytes, linesize 64 bytes, assoc. 16, shared 1 ways
      L3: 314572800 bytes, linesize 64 bytes, assoc. 20, shared 2 ways
    PCI devices:
      0000:01:00.0  Id: 1b4b:2241  Class: 0x0108  Numa: 0
      0000:02:00.0  Id: 14e4:165f  Class: 0x0200  Numa: 0
      0000:02:00.1  Id: 14e4:165f  Class: 0x0200  Numa: 0
      0000:04:00.0  Id: 102b:0536  Class: 0x0300  Numa: 0
      0000:00:18.0  Id: 8086:1bf2  Class: 0x0106  Numa: 0
      0000:00:19.0  Id: 8086:1bd2  Class: 0x0106  Numa: 0
      0000:18:00.0  Id: 1e0f:0025  Class: 0x0108  Numa: 0
      0000:19:00.0  Id: 10de:2335  Class: 0x0302  Numa: 0
      0000:3a:00.0  Id: 1e0f:0025  Class: 0x0108  Numa: 0
      0000:3b:00.0  Id: 10de:2335  Class: 0x0302  Numa: 0
      0000:3d:00.0  Id: 1000:00b2  Class: 0x0107  Numa: 0
      0000:4c:00.0  Id: 10de:2335  Class: 0x0302  Numa: 0
      0000:4e:00.0  Id: 1000:00b2  Class: 0x0107  Numa: 0
      0000:5d:00.0  Id: 10de:2335  Class: 0x0302  Numa: 0
      0000:70:00.0  Id: 8086:4940  Class: 0x0b40  Numa: 0
      0000:72:00.0  Id: 8086:2710  Class: 0x0b40  Numa: 0
      0000:9b:00.0  Id: 10de:2335  Class: 0x0302  Numa: 1
      0000:bb:00.0  Id: 10de:2335  Class: 0x0302  Numa: 1
      0000:bc:00.0  Id: 14e4:1750  Class: 0x0200  Numa: 1
      0000:bc:00.1  Id: 14e4:1750  Class: 0x0200  Numa: 1
      0000:bd:00.0  Id: 1000:00b2  Class: 0x0107  Numa: 1
      0000:cb:00.0  Id: 10de:2335  Class: 0x0302  Numa: 1
      0000:db:00.0  Id: 10de:2335  Class: 0x0302  Numa: 1
      0000:dd:00.0  Id: 1000:00b2  Class: 0x0107  Numa: 1
      0000:ed:00.0  Id: 8086:4940  Class: 0x0b40  Numa: 1
      0000:ef:00.0  Id: 8086:2710  Class: 0x0b40  Numa: 1
  GPU info:
    Number of GPUs detected: 1
    #0: NVIDIA NVIDIA H200, compute cap.: 9.0, ECC: yes, stat: compatible

Likely fastest SIMD instructions supported by all nodes: AVX_512
SIMD instructions selected at compile time:              AVX2_256
Merely a note: it is unfortunately hard to know for sure which SIMD
instructons will perform best on this hardware. For non-GPU runs
on Intel CPUs with dual AVX-512 units, using AVX-512 can be good,
while AVX2 is often better for runs also using a GPU. Typically
this is just a few percent, so don't worry unless you are tuning.


++++ PLEASE READ AND CITE THE FOLLOWING REFERENCE ++++
M. J. Abraham, T. Murtola, R. Schulz, S. Páll, J. C. Smith, B. Hess, E.
Lindahl
GROMACS: High performance molecular simulations through multi-level
parallelism from laptops to supercomputers
SoftwareX 1 (2015) pp. 19-25
-------- -------- --- Thank You --- -------- --------


++++ PLEASE READ AND CITE THE FOLLOWING REFERENCE ++++
S. Páll, M. J. Abraham, C. Kutzner, B. Hess, E. Lindahl
Tackling Exascale Software Challenges in Molecular Dynamics Simulations with
GROMACS
In S. Markidis & E. Laure (Eds.), Solving Software Challenges for Exascale 8759 (2015) pp. 3-27
-------- -------- --- Thank You --- -------- --------


++++ PLEASE READ AND CITE THE FOLLOWING REFERENCE ++++
S. Pronk, S. Páll, R. Schulz, P. Larsson, P. Bjelkmar, R. Apostolov, M. R.
Shirts, J. C. Smith, P. M. Kasson, D. van der Spoel, B. Hess, and E. Lindahl
GROMACS 4.5: a high-throughput and highly parallel open source molecular
simulation toolkit
Bioinformatics 29 (2013) pp. 845-54
-------- -------- --- Thank You --- -------- --------


++++ PLEASE READ AND CITE THE FOLLOWING REFERENCE ++++
B. Hess and C. Kutzner and D. van der Spoel and E. Lindahl
GROMACS 4: Algorithms for highly efficient, load-balanced, and scalable
molecular simulation
J. Chem. Theory Comput. 4 (2008) pp. 435-447
-------- -------- --- Thank You --- -------- --------


++++ PLEASE READ AND CITE THE FOLLOWING REFERENCE ++++
D. van der Spoel, E. Lindahl, B. Hess, G. Groenhof, A. E. Mark and H. J. C.
Berendsen
GROMACS: Fast, Flexible and Free
J. Comp. Chem. 26 (2005) pp. 1701-1719
-------- -------- --- Thank You --- -------- --------


++++ PLEASE READ AND CITE THE FOLLOWING REFERENCE ++++
E. Lindahl and B. Hess and D. van der Spoel
GROMACS 3.0: A package for molecular simulation and trajectory analysis
J. Mol. Mod. 7 (2001) pp. 306-317
-------- -------- --- Thank You --- -------- --------


++++ PLEASE READ AND CITE THE FOLLOWING REFERENCE ++++
H. J. C. Berendsen, D. van der Spoel and R. van Drunen
GROMACS: A message-passing parallel molecular dynamics implementation
Comp. Phys. Comm. 91 (1995) pp. 43-56
-------- -------- --- Thank You --- -------- --------


++++ PLEASE CITE THE DOI FOR THIS VERSION OF GROMACS ++++
https://doi.org/10.5281/zenodo.13456374
-------- -------- --- Thank You --- -------- --------


The number of OpenMP threads was set by environment variable OMP_NUM_THREADS to 4

Input Parameters:
   integrator                     = md
   tinit                          = 0
   dt                             = 0.002
   nsteps                         = 50000
   init-step                      = 0
   simulation-part                = 1
   mts                            = false
   mass-repartition-factor        = 1
   comm-mode                      = None
   nstcomm                        = 0
   bd-fric                        = 0
   ld-seed                        = 2131750637
   emtol                          = 10
   emstep                         = 0.01
   niter                          = 20
   fcstep                         = 0
   nstcgsteep                     = 1000
   nbfgscorr                      = 10
   rtpi                           = 0.05
   nstxout                        = 0
   nstvout                        = 0
   nstfout                        = 0
   nstlog                         = 500
   nstcalcenergy                  = 100
   nstenergy                      = 500
   nstxout-compressed             = 500
   compressed-x-precision         = 1000
   cutoff-scheme                  = Verlet
   nstlist                        = 20
   pbc                            = xyz
   periodic-molecules             = false
   verlet-buffer-tolerance        = 0.005
   verlet-buffer-pressure-tolerance = 0.5
   rlist                          = 1.221
   coulombtype                    = PME
   coulomb-modifier               = Potential-shift
   rcoulomb-switch                = 0
   rcoulomb                       = 1.2
   epsilon-r                      = 1
   epsilon-rf                     = inf
   vdw-type                       = Cut-off
   vdw-modifier                   = Force-switch
   rvdw-switch                    = 1
   rvdw                           = 1.2
   DispCorr                       = No
   table-extension                = 1
   fourierspacing                 = 0.16
   fourier-nx                     = 52
   fourier-ny                     = 52
   fourier-nz                     = 52
   pme-order                      = 4
   ewald-rtol                     = 1e-05
   ewald-rtol-lj                  = 0.001
   lj-pme-comb-rule               = Geometric
   ewald-geometry                 = 3d
   epsilon-surface                = 0
   ensemble-temperature-setting   = constant
   ensemble-temperature           = 300
   tcoupl                         = V-rescale
   nsttcouple                     = 10
   nh-chain-length                = 0
   print-nose-hoover-chain-variables = false
   pcoupl                         = C-rescale
   pcoupltype                     = Isotropic
   nstpcouple                     = 100
   tau-p                          = 2
   compressibility (3x3):
      compressibility[    0]={ 4.50000e-05,  0.00000e+00,  0.00000e+00}
      compressibility[    1]={ 0.00000e+00,  4.50000e-05,  0.00000e+00}
      compressibility[    2]={ 0.00000e+00,  0.00000e+00,  4.50000e-05}
   ref-p (3x3):
      ref-p[    0]={ 1.00000e+00,  0.00000e+00,  0.00000e+00}
      ref-p[    1]={ 0.00000e+00,  1.00000e+00,  0.00000e+00}
      ref-p[    2]={ 0.00000e+00,  0.00000e+00,  1.00000e+00}
   refcoord-scaling               = COM
   posres-com (3):
      posres-com[0]= 4.99269e-01
      posres-com[1]= 4.99957e-01
      posres-com[2]= 5.01582e-01
   posres-comB (3):
      posres-comB[0]= 4.99269e-01
      posres-comB[1]= 4.99957e-01
      posres-comB[2]= 5.01582e-01
   QMMM                           = false
qm-opts:
   ngQM                           = 0
   constraint-algorithm           = Lincs
   continuation                   = true
   Shake-SOR                      = false
   shake-tol                      = 0.0001
   lincs-order                    = 4
   lincs-iter                     = 1
   lincs-warnangle                = 30
   nwall                          = 0
   wall-type                      = 9-3
   wall-r-linpot                  = -1
   wall-atomtype[0]               = -1
   wall-atomtype[1]               = -1
   wall-density[0]                = 0
   wall-density[1]                = 0
   wall-ewald-zfac                = 3
   pull                           = false
   awh                            = false
   rotation                       = false
   interactiveMD                  = false
   disre                          = No
   disre-weighting                = Conservative
   disre-mixed                    = false
   dr-fc                          = 1000
   dr-tau                         = 0
   nstdisreout                    = 100
   orire-fc                       = 0
   orire-tau                      = 0
   nstorireout                    = 100
   free-energy                    = no
   cos-acceleration               = 0
   deform (3x3):
      deform[    0]={ 0.00000e+00,  0.00000e+00,  0.00000e+00}
      deform[    1]={ 0.00000e+00,  0.00000e+00,  0.00000e+00}
      deform[    2]={ 0.00000e+00,  0.00000e+00,  0.00000e+00}
   simulated-tempering            = false
   swapcoords                     = no
   userint1                       = 0
   userint2                       = 0
   userint3                       = 0
   userint4                       = 0
   userreal1                      = 0
   userreal2                      = 0
   userreal3                      = 0
   userreal4                      = 0
   applied-forces:
     electric-field:
       x:
         E0                       = 0
         omega                    = 0
         t0                       = 0
         sigma                    = 0
       y:
         E0                       = 0
         omega                    = 0
         t0                       = 0
         sigma                    = 0
       z:
         E0                       = 0
         omega                    = 0
         t0                       = 0
         sigma                    = 0
     density-guided-simulation:
       active                     = false
       group                      = protein
       similarity-measure         = inner-product
       atom-spreading-weight      = unity
       force-constant             = 1e+09
       gaussian-transform-spreading-width = 0.2
       gaussian-transform-spreading-range-in-multiples-of-width = 4
       reference-density-filename = reference.mrc
       nst                        = 1
       normalize-densities        = true
       adaptive-force-scaling     = false
       adaptive-force-scaling-time-constant = 4
       shift-vector               = 
       transformation-matrix      = 
     qmmm-cp2k:
       active                     = false
       qmgroup                    = System
       qmmethod                   = PBE
       qmfilenames                = 
       qmcharge                   = 0
       qmmultiplicity             = 1
     colvars:
       active                     = false
       configfile                 = 
       seed                       = -1
grpopts:
   nrdf:        7772       73410
   ref-t:         300         300
   tau-t:         0.1         0.1
annealing:          No          No
annealing-npoints:           0           0
   acc:	           0           0           0
   nfreeze:           N           N           N
   energygrp-flags[  0]: 0

Changing nstlist from 20 to 100, rlist from 1.221 to 1.343

When checking whether update groups are usable:
  Domain decomposition is not active, so there is no need for update groups
1 GPU selected for this run.
Mapping of GPU IDs to the 2 GPU tasks in the 1 rank on this node:
  PP:0,PME:0
PP tasks will do (non-perturbed) short-ranged interactions on the GPU
PP task will update and constrain coordinates on the GPU
PME tasks will do all aspects on the GPU
Using 1 MPI thread

Non-default thread affinity set, disabling internal thread affinity

Using 4 OpenMP threads 

System total charge: -0.000
Will do PME sum in reciprocal space for electrostatic interactions.

++++ PLEASE READ AND CITE THE FOLLOWING REFERENCE ++++
U. Essmann, L. Perera, M. L. Berkowitz, T. Darden, H. Lee and L. G. Pedersen 
A smooth particle mesh Ewald method
J. Chem. Phys. 103 (1995) pp. 8577-8592
-------- -------- --- Thank You --- -------- --------

Using a Gaussian width (1/beta) of 0.384195 nm for Ewald
Potential shift: LJ r^-12: -2.648e-01 r^-6: -5.349e-01, Ewald -8.333e-06
Initialized non-bonded Coulomb Ewald tables, spacing: 1.02e-03 size: 1176

Generated table with 1171 data points for 1-4 COUL.
Tabscale = 500 points/nm
Generated table with 1171 data points for 1-4 LJ6.
Tabscale = 500 points/nm
Generated table with 1171 data points for 1-4 LJ12.
Tabscale = 500 points/nm


Using GPU 8x8 nonbonded short-range kernels

Using a dual 8x8 pair-list setup updated with dynamic, rolling pruning:
  outer list: updated every 100 steps, buffer 0.143 nm, rlist 1.343 nm
  inner list: updated every  12 steps, buffer 0.003 nm, rlist 1.203 nm
At tolerance 0.005 kJ/mol/ps per atom, equivalent classical 1x1 list would be:
  outer list: updated every 100 steps, buffer 0.295 nm, rlist 1.495 nm
  inner list: updated every  12 steps, buffer 0.052 nm, rlist 1.252 nm

The average pressure is off by at most 0.25 bar due to missing LJ interactions

Initializing LINear Constraint Solver

++++ PLEASE READ AND CITE THE FOLLOWING REFERENCE ++++
B. Hess and H. Bekker and H. J. C. Berendsen and J. G. E. M. Fraaije
LINCS: A Linear Constraint Solver for molecular simulations
J. Comp. Chem. 18 (1997) pp. 1463-1472
-------- -------- --- Thank You --- -------- --------

The number of constraints is 1612

++++ PLEASE READ AND CITE THE FOLLOWING REFERENCE ++++
S. Miyamoto and P. A. Kollman
SETTLE: An Analytical Version of the SHAKE and RATTLE Algorithms for Rigid
Water Models
J. Comp. Chem. 13 (1992) pp. 952-962
-------- -------- --- Thank You --- -------- --------


++++ PLEASE READ AND CITE THE FOLLOWING REFERENCE ++++
G. Bussi, D. Donadio and M. Parrinello
Canonical sampling through velocity rescaling
J. Chem. Phys. 126 (2007) pp. 014101
-------- -------- --- Thank You --- -------- --------


++++ PLEASE READ AND CITE THE FOLLOWING REFERENCE ++++
M. Bernetti, G. Bussi
Pressure control using stochastic cell rescaling
J. Chem. Phys. 153 (2020) pp. 114107
-------- -------- --- Thank You --- -------- --------

There are: 39831 Atoms

Updating coordinates and applying constraints on the GPU.

Started mdrun on rank 0 Tue Aug 19 11:14:38 2025

           Step           Time
              0        0.00000

   Energies (kJ/mol)
           Bond          Angle    Proper Dih. Per. Imp. Dih.          LJ-14
    2.25954e+03    6.13788e+03    8.55086e+03    3.31816e+02    2.88329e+03
     Coulomb-14        LJ (SR)   Coulomb (SR)   Coul. recip. Position Rest.
    3.73724e+04    6.93799e+04   -6.31461e+05    1.97282e+03    1.88814e-01
      Potential    Kinetic En.   Total Energy  Conserved En.    Temperature
   -5.02572e+05    1.01706e+05   -4.00866e+05   -4.00890e+05    3.01359e+02
 Pressure (bar)   Constr. rmsd
    1.45412e+02    0.00000e+00

           Step           Time
            500        1.00000

   Energies (kJ/mol)
           Bond          Angle    Proper Dih. Per. Imp. Dih.          LJ-14
    2.29050e+03    6.33570e+03    8.47214e+03    3.49496e+02    2.79621e+03
     Coulomb-14        LJ (SR)   Coulomb (SR)   Coul. recip. Position Rest.
    3.71218e+04    6.74152e+04   -6.27969e+05    1.96912e+03    7.01980e+02
      Potential    Kinetic En.   Total Energy  Conserved En.    Temperature
   -5.00517e+05    1.00606e+05   -3.99911e+05   -4.00827e+05    2.98098e+02
 Pressure (bar)   Constr. rmsd
   -1.75743e+02    0.00000e+00

           Step           Time
           1000        2.00000

   Energies (kJ/mol)
           Bond          Angle    Proper Dih. Per. Imp. Dih.          LJ-14
    2.21902e+03    6.33651e+03    8.42550e+03    2.98840e+02    2.82581e+03
     Coulomb-14        LJ (SR)   Coulomb (SR)   Coul. recip. Position Rest.
    3.71439e+04    6.84224e+04   -6.30803e+05    1.93643e+03    6.78328e+02
      Potential    Kinetic En.   Total Energy  Conserved En.    Temperature
   -5.02517e+05    1.01572e+05   -4.00945e+05   -4.00699e+05    3.00961e+02
 Pressure (bar)   Constr. rmsd
   -1.39384e+02    0.00000e+00

           Step           Time
           1500        3.00000

   Energies (kJ/mol)
           Bond          Angle    Proper Dih. Per. Imp. Dih.          LJ-14
    2.28333e+03    6.30288e+03    8.47733e+03    3.46285e+02    2.82387e+03
     Coulomb-14        LJ (SR)   Coulomb (SR)   Coul. recip. Position Rest.
    3.71661e+04    6.84872e+04   -6.30684e+05    1.99484e+03    7.67733e+02
      Potential    Kinetic En.   Total Energy  Conserved En.    Temperature
   -5.02035e+05    1.01194e+05   -4.00841e+05   -4.00457e+05    2.99840e+02
 Pressure (bar)   Constr. rmsd
   -1.70225e+01    0.00000e+00

           Step           Time
           2000        4.00000

   Energies (kJ/mol)
           Bond          Angle    Proper Dih. Per. Imp. Dih.          LJ-14
    2.30290e+03    6.20093e+03    8.53540e+03    3.37940e+02    2.86595e+03
     Coulomb-14        LJ (SR)   Coulomb (SR)   Coul. recip. Position Rest.
    3.72600e+04    6.91405e+04   -6.31017e+05    2.03666e+03    7.31679e+02
      Potential    Kinetic En.   Total Energy  Conserved En.    Temperature
   -5.01605e+05    1.01374e+05   -4.00230e+05   -4.00391e+05    3.00376e+02
 Pressure (bar)   Constr. rmsd
    1.61260e+02    0.00000e+00

           Step           Time
           2500        5.00000

   Energies (kJ/mol)
           Bond          Angle    Proper Dih. Per. Imp. Dih.          LJ-14
    2.22243e+03    6.23001e+03    8.61529e+03    3.39502e+02    2.85145e+03
     Coulomb-14        LJ (SR)   Coulomb (SR)   Coul. recip. Position Rest.
    3.72997e+04    6.83804e+04   -6.31851e+05    1.93638e+03    6.48345e+02
      Potential    Kinetic En.   Total Energy  Conserved En.    Temperature
   -5.03328e+05    1.00357e+05   -4.02970e+05   -4.00175e+05    2.97362e+02
 Pressure (bar)   Constr. rmsd
    2.51703e+01    0.00000e+00

           Step           Time
           3000        6.00000

   Energies (kJ/mol)
           Bond          Angle    Proper Dih. Per. Imp. Dih.          LJ-14
    2.26794e+03    6.36956e+03    8.51434e+03    3.34388e+02    2.90814e+03
     Coulomb-14        LJ (SR)   Coulomb (SR)   Coul. recip. Position Rest.
    3.74120e+04    6.86669e+04   -6.30867e+05    1.94512e+03    7.65118e+02
      Potential    Kinetic En.   Total Energy  Conserved En.    Temperature
   -5.01683e+05    1.01632e+05   -4.00051e+05   -4.00197e+05    3.01139e+02
 Pressure (bar)   Constr. rmsd
    1.03612e+02    0.00000e+00

           Step           Time
           3500        7.00000

   Energies (kJ/mol)
           Bond          Angle    Proper Dih. Per. Imp. Dih.          LJ-14
    2.26699e+03    6.35117e+03    8.53931e+03    3.26026e+02    2.83859e+03
     Coulomb-14        LJ (SR)   Coulomb (SR)   Coul. recip. Position Rest.
    3.73792e+04    6.82259e+04   -6.29234e+05    2.01426e+03    7.21081e+02
      Potential    Kinetic En.   Total Energy  Conserved En.    Temperature
   -5.00571e+05    1.01811e+05   -3.98760e+05   -4.00277e+05    3.01668e+02
 Pressure (bar)   Constr. rmsd
    1.19751e+02    0.00000e+00

           Step           Time
           4000        8.00000

   Energies (kJ/mol)
           Bond          Angle    Proper Dih. Per. Imp. Dih.          LJ-14
    2.43756e+03    6.37415e+03    8.58666e+03    3.44808e+02    2.80773e+03
     Coulomb-14        LJ (SR)   Coulomb (SR)   Coul. recip. Position Rest.
    3.71264e+04    6.83349e+04   -6.29748e+05    1.99079e+03    7.12191e+02
      Potential    Kinetic En.   Total Energy  Conserved En.    Temperature
   -5.01033e+05    1.01157e+05   -3.99877e+05   -4.00365e+05    2.99730e+02
 Pressure (bar)   Constr. rmsd
   -1.89427e+02    0.00000e+00

           Step           Time
           4500        9.00000

   Energies (kJ/mol)
           Bond          Angle    Proper Dih. Per. Imp. Dih.          LJ-14
    2.09220e+03    6.49576e+03    8.46669e+03    3.81369e+02    2.86061e+03
     Coulomb-14        LJ (SR)   Coulomb (SR)   Coul. recip. Position Rest.
    3.74459e+04    6.82066e+04   -6.30511e+05    2.03925e+03    7.50533e+02
      Potential    Kinetic En.   Total Energy  Conserved En.    Temperature
   -5.01772e+05    1.01330e+05   -4.00442e+05   -4.00474e+05    3.00243e+02
 Pressure (bar)   Constr. rmsd
    5.31940e+01    0.00000e+00

           Step           Time
           5000       10.00000

   Energies (kJ/mol)
           Bond          Angle    Proper Dih. Per. Imp. Dih.          LJ-14
    2.18834e+03    6.12039e+03    8.59101e+03    3.50819e+02    2.86149e+03
     Coulomb-14        LJ (SR)   Coulomb (SR)   Coul. recip. Position Rest.
    3.72957e+04    6.82730e+04   -6.29860e+05    1.92760e+03    7.68170e+02
      Potential    Kinetic En.   Total Energy  Conserved En.    Temperature
   -5.01483e+05    1.00996e+05   -4.00488e+05   -4.00556e+05    2.99253e+02
 Pressure (bar)   Constr. rmsd
    2.19752e+01    0.00000e+00

           Step           Time
           5500       11.00000

   Energies (kJ/mol)
           Bond          Angle    Proper Dih. Per. Imp. Dih.          LJ-14
    2.15958e+03    6.50418e+03    8.51500e+03    3.38738e+02    2.88063e+03
     Coulomb-14        LJ (SR)   Coulomb (SR)   Coul. recip. Position Rest.
    3.74955e+04    6.80431e+04   -6.29851e+05    2.03214e+03    7.83924e+02
      Potential    Kinetic En.   Total Energy  Conserved En.    Temperature
   -5.01098e+05    1.02062e+05   -3.99037e+05   -4.00385e+05    3.02412e+02
 Pressure (bar)   Constr. rmsd
    1.42852e+02    0.00000e+00

           Step           Time
           6000       12.00000

   Energies (kJ/mol)
           Bond          Angle    Proper Dih. Per. Imp. Dih.          LJ-14
    2.29043e+03    6.21735e+03    8.58546e+03    3.85355e+02    2.88378e+03
     Coulomb-14        LJ (SR)   Coulomb (SR)   Coul. recip. Position Rest.
    3.72891e+04    6.92109e+04   -6.31144e+05    1.99988e+03    7.54013e+02
      Potential    Kinetic En.   Total Energy  Conserved En.    Temperature
   -5.01528e+05    1.02318e+05   -3.99211e+05   -4.00425e+05    3.03170e+02
 Pressure (bar)   Constr. rmsd
    1.43574e+02    0.00000e+00

           Step           Time
           6500       13.00000

   Energies (kJ/mol)
           Bond          Angle    Proper Dih. Per. Imp. Dih.          LJ-14
    2.36414e+03    6.37685e+03    8.56701e+03    3.51675e+02    2.79988e+03
     Coulomb-14        LJ (SR)   Coulomb (SR)   Coul. recip. Position Rest.
    3.72021e+04    6.95085e+04   -6.30748e+05    2.01109e+03    7.65332e+02
      Potential    Kinetic En.   Total Energy  Conserved En.    Temperature
   -5.00802e+05    1.01276e+05   -3.99525e+05   -4.00566e+05    3.00085e+02
 Pressure (bar)   Constr. rmsd
    1.64399e+02    0.00000e+00

           Step           Time
           7000       14.00000

   Energies (kJ/mol)
           Bond          Angle    Proper Dih. Per. Imp. Dih.          LJ-14
    2.23601e+03    6.05772e+03    8.51316e+03    3.35902e+02    2.81846e+03
     Coulomb-14        LJ (SR)   Coulomb (SR)   Coul. recip. Position Rest.
    3.73946e+04    6.77436e+04   -6.30521e+05    2.05325e+03    7.28074e+02
      Potential    Kinetic En.   Total Energy  Conserved En.    Temperature
   -5.02640e+05    1.00909e+05   -4.01731e+05   -4.00245e+05    2.98997e+02
 Pressure (bar)   Constr. rmsd
   -2.19161e+02    0.00000e+00

           Step           Time
           7500       15.00000

   Energies (kJ/mol)
           Bond          Angle    Proper Dih. Per. Imp. Dih.          LJ-14
    2.06034e+03    6.39568e+03    8.48789e+03    3.41688e+02    2.89671e+03
     Coulomb-14        LJ (SR)   Coulomb (SR)   Coul. recip. Position Rest.
    3.73166e+04    6.82685e+04   -6.30447e+05    2.05931e+03    6.80325e+02
      Potential    Kinetic En.   Total Energy  Conserved En.    Temperature
   -5.01940e+05    1.00998e+05   -4.00942e+05   -4.00156e+05    2.99260e+02
 Pressure (bar)   Constr. rmsd
    1.34729e+02    0.00000e+00

           Step           Time
           8000       16.00000

   Energies (kJ/mol)
           Bond          Angle    Proper Dih. Per. Imp. Dih.          LJ-14
    2.38807e+03    6.27720e+03    8.52541e+03    3.68724e+02    2.89141e+03
     Coulomb-14        LJ (SR)   Coulomb (SR)   Coul. recip. Position Rest.
    3.73551e+04    6.82948e+04   -6.30906e+05    1.94050e+03    7.27566e+02
      Potential    Kinetic En.   Total Energy  Conserved En.    Temperature
   -5.02137e+05    1.01278e+05   -4.00859e+05   -4.00458e+05    3.00089e+02
 Pressure (bar)   Constr. rmsd
   -1.18882e+01    0.00000e+00

           Step           Time
           8500       17.00000

   Energies (kJ/mol)
           Bond          Angle    Proper Dih. Per. Imp. Dih.          LJ-14
    2.12144e+03    6.25187e+03    8.53169e+03    3.05059e+02    2.82659e+03
     Coulomb-14        LJ (SR)   Coulomb (SR)   Coul. recip. Position Rest.
    3.74951e+04    6.70982e+04   -6.29829e+05    1.96362e+03    7.22472e+02
      Potential    Kinetic En.   Total Energy  Conserved En.    Temperature
   -5.02513e+05    1.01981e+05   -4.00532e+05   -4.00277e+05    3.02173e+02
 Pressure (bar)   Constr. rmsd
   -2.55732e+02    0.00000e+00

           Step           Time
           9000       18.00000

   Energies (kJ/mol)
           Bond          Angle    Proper Dih. Per. Imp. Dih.          LJ-14
    2.31104e+03    6.11195e+03    8.46866e+03    3.45478e+02    2.84157e+03
     Coulomb-14        LJ (SR)   Coulomb (SR)   Coul. recip. Position Rest.
    3.72509e+04    6.82423e+04   -6.30302e+05    1.93555e+03    6.62466e+02
      Potential    Kinetic En.   Total Energy  Conserved En.    Temperature
   -5.02132e+05    1.00739e+05   -4.01393e+05   -4.00252e+05    2.98493e+02
 Pressure (bar)   Constr. rmsd
   -8.10355e+01    0.00000e+00

           Step           Time
           9500       19.00000

   Energies (kJ/mol)
           Bond          Angle    Proper Dih. Per. Imp. Dih.          LJ-14
    2.29723e+03    6.33316e+03    8.57871e+03    3.35440e+02    2.87002e+03
     Coulomb-14        LJ (SR)   Coulomb (SR)   Coul. recip. Position Rest.
    3.73500e+04    6.87772e+04   -6.30956e+05    1.93785e+03    7.45909e+02
      Potential    Kinetic En.   Total Energy  Conserved En.    Temperature
   -5.01731e+05    1.01366e+05   -4.00365e+05   -4.00152e+05    3.00351e+02
 Pressure (bar)   Constr. rmsd
   -1.04808e+02    0.00000e+00

           Step           Time
          10000       20.00000

   Energies (kJ/mol)
           Bond          Angle    Proper Dih. Per. Imp. Dih.          LJ-14
    2.25058e+03    6.23517e+03    8.53694e+03    3.83415e+02    2.87363e+03
     Coulomb-14        LJ (SR)   Coulomb (SR)   Coul. recip. Position Rest.
    3.72634e+04    6.86713e+04   -6.29346e+05    2.04157e+03    7.42340e+02
      Potential    Kinetic En.   Total Energy  Conserved En.    Temperature
   -5.00347e+05    1.01294e+05   -3.99054e+05   -4.00213e+05    3.00137e+02
 Pressure (bar)   Constr. rmsd
    1.45934e+02    0.00000e+00

           Step           Time
          10500       21.00000

   Energies (kJ/mol)
           Bond          Angle    Proper Dih. Per. Imp. Dih.          LJ-14
    2.27930e+03    6.33851e+03    8.49443e+03    3.40380e+02    2.90176e+03
     Coulomb-14        LJ (SR)   Coulomb (SR)   Coul. recip. Position Rest.
    3.73347e+04    6.88228e+04   -6.29993e+05    1.93982e+03    7.94813e+02
      Potential    Kinetic En.   Total Energy  Conserved En.    Temperature
   -5.00746e+05    1.01597e+05   -3.99150e+05   -4.00435e+05    3.01034e+02
 Pressure (bar)   Constr. rmsd
    1.45176e+02    0.00000e+00

           Step           Time
          11000       22.00000

   Energies (kJ/mol)
           Bond          Angle    Proper Dih. Per. Imp. Dih.          LJ-14
    2.30441e+03    6.10696e+03    8.50376e+03    3.35119e+02    2.77745e+03
     Coulomb-14        LJ (SR)   Coulomb (SR)   Coul. recip. Position Rest.
    3.72187e+04    6.86610e+04   -6.29737e+05    1.94108e+03    7.31887e+02
      Potential    Kinetic En.   Total Energy  Conserved En.    Temperature
   -5.01156e+05    1.00239e+05   -4.00917e+05   -4.00328e+05    2.97011e+02
 Pressure (bar)   Constr. rmsd
   -8.08979e+00    0.00000e+00

           Step           Time
          11500       23.00000

   Energies (kJ/mol)
           Bond          Angle    Proper Dih. Per. Imp. Dih.          LJ-14
    2.29512e+03    6.32606e+03    8.45040e+03    3.41663e+02    2.86829e+03
     Coulomb-14        LJ (SR)   Coulomb (SR)   Coul. recip. Position Rest.
    3.74569e+04    6.82368e+04   -6.30021e+05    2.10281e+03    7.72521e+02
      Potential    Kinetic En.   Total Energy  Conserved En.    Temperature
   -5.01171e+05    1.01548e+05   -3.99623e+05   -4.00166e+05    3.00891e+02
 Pressure (bar)   Constr. rmsd
   -1.82051e+02    0.00000e+00

           Step           Time
          12000       24.00000

   Energies (kJ/mol)
           Bond          Angle    Proper Dih. Per. Imp. Dih.          LJ-14
    2.25343e+03    6.22112e+03    8.50136e+03    3.23212e+02    2.81155e+03
     Coulomb-14        LJ (SR)   Coulomb (SR)   Coul. recip. Position Rest.
    3.71779e+04    6.81192e+04   -6.29838e+05    1.97604e+03    7.33550e+02
      Potential    Kinetic En.   Total Energy  Conserved En.    Temperature
   -5.01721e+05    1.01093e+05   -4.00627e+05   -4.00258e+05    2.99542e+02
 Pressure (bar)   Constr. rmsd
   -2.09044e+02    0.00000e+00

           Step           Time
          12500       25.00000

   Energies (kJ/mol)
           Bond          Angle    Proper Dih. Per. Imp. Dih.          LJ-14
    2.24794e+03    6.11242e+03    8.59283e+03    3.31141e+02    2.83576e+03
     Coulomb-14        LJ (SR)   Coulomb (SR)   Coul. recip. Position Rest.
    3.73017e+04    6.92817e+04   -6.32313e+05    1.92028e+03    7.44088e+02
      Potential    Kinetic En.   Total Energy  Conserved En.    Temperature
   -5.02945e+05    1.01156e+05   -4.01789e+05   -4.00296e+05    2.99729e+02
 Pressure (bar)   Constr. rmsd
    6.63533e+01    0.00000e+00

           Step           Time
          13000       26.00000

   Energies (kJ/mol)
           Bond          Angle    Proper Dih. Per. Imp. Dih.          LJ-14
    2.39023e+03    6.25222e+03    8.55228e+03    3.49875e+02    2.79230e+03
     Coulomb-14        LJ (SR)   Coulomb (SR)   Coul. recip. Position Rest.
    3.72242e+04    6.84985e+04   -6.30458e+05    2.03742e+03    7.78106e+02
      Potential    Kinetic En.   Total Energy  Conserved En.    Temperature
   -5.01583e+05    1.00210e+05   -4.01373e+05   -4.00311e+05    2.96925e+02
 Pressure (bar)   Constr. rmsd
   -1.91823e+02    0.00000e+00

           Step           Time
          13500       27.00000

   Energies (kJ/mol)
           Bond          Angle    Proper Dih. Per. Imp. Dih.          LJ-14
    2.17121e+03    6.17797e+03    8.51857e+03    3.37776e+02    2.90581e+03
     Coulomb-14        LJ (SR)   Coulomb (SR)   Coul. recip. Position Rest.
    3.75538e+04    6.90706e+04   -6.31976e+05    2.03869e+03    7.45804e+02
      Potential    Kinetic En.   Total Energy  Conserved En.    Temperature
   -5.02456e+05    1.01072e+05   -4.01384e+05   -4.00062e+05    2.99479e+02
 Pressure (bar)   Constr. rmsd
    7.80227e+01    0.00000e+00

           Step           Time
          14000       28.00000

   Energies (kJ/mol)
           Bond          Angle    Proper Dih. Per. Imp. Dih.          LJ-14
    2.34195e+03    6.39064e+03    8.59917e+03    3.27004e+02    2.81653e+03
     Coulomb-14        LJ (SR)   Coulomb (SR)   Coul. recip. Position Rest.
    3.71268e+04    6.75321e+04   -6.29802e+05    1.95204e+03    7.68061e+02
      Potential    Kinetic En.   Total Energy  Conserved En.    Temperature
   -5.01947e+05    1.01685e+05   -4.00262e+05   -3.99934e+05    3.01297e+02
 Pressure (bar)   Constr. rmsd
   -1.91089e+02    0.00000e+00

           Step           Time
          14500       29.00000

   Energies (kJ/mol)
           Bond          Angle    Proper Dih. Per. Imp. Dih.          LJ-14
    2.31161e+03    6.10215e+03    8.54523e+03    3.70477e+02    2.91351e+03
     Coulomb-14        LJ (SR)   Coulomb (SR)   Coul. recip. Position Rest.
    3.72963e+04    6.78822e+04   -6.30092e+05    2.03251e+03    7.18830e+02
      Potential    Kinetic En.   Total Energy  Conserved En.    Temperature
   -5.01919e+05    1.01128e+05   -4.00792e+05   -3.99968e+05    2.99644e+02
 Pressure (bar)   Constr. rmsd
   -1.08985e+02    0.00000e+00

           Step           Time
          15000       30.00000

   Energies (kJ/mol)
           Bond          Angle    Proper Dih. Per. Imp. Dih.          LJ-14
    2.30585e+03    6.16617e+03    8.55627e+03    3.63535e+02    2.86119e+03
     Coulomb-14        LJ (SR)   Coulomb (SR)   Coul. recip. Position Rest.
    3.74825e+04    6.85326e+04   -6.29972e+05    1.94555e+03    7.42121e+02
      Potential    Kinetic En.   Total Energy  Conserved En.    Temperature
   -5.01016e+05    1.02319e+05   -3.98697e+05   -3.99880e+05    3.03175e+02
 Pressure (bar)   Constr. rmsd
    2.46413e+01    0.00000e+00

           Step           Time
          15500       31.00000

   Energies (kJ/mol)
           Bond          Angle    Proper Dih. Per. Imp. Dih.          LJ-14
    2.17763e+03    6.14432e+03    8.63093e+03    3.47690e+02    2.95295e+03
     Coulomb-14        LJ (SR)   Coulomb (SR)   Coul. recip. Position Rest.
    3.71779e+04    6.73184e+04   -6.28572e+05    2.06690e+03    8.08983e+02
      Potential    Kinetic En.   Total Energy  Conserved En.    Temperature
   -5.00946e+05    1.01823e+05   -3.99123e+05   -4.00027e+05    3.01704e+02
 Pressure (bar)   Constr. rmsd
    4.51446e+01    0.00000e+00

           Step           Time
          16000       32.00000

   Energies (kJ/mol)
           Bond          Angle    Proper Dih. Per. Imp. Dih.          LJ-14
    2.28042e+03    6.25484e+03    8.58392e+03    3.40887e+02    2.91430e+03
     Coulomb-14        LJ (SR)   Coulomb (SR)   Coul. recip. Position Rest.
    3.73522e+04    6.67735e+04   -6.28154e+05    1.99302e+03    7.25807e+02
      Potential    Kinetic En.   Total Energy  Conserved En.    Temperature
   -5.00935e+05    1.01274e+05   -3.99661e+05   -3.99936e+05    3.00078e+02
 Pressure (bar)   Constr. rmsd
   -6.17047e+01    0.00000e+00

           Step           Time
          16500       33.00000

   Energies (kJ/mol)
           Bond          Angle    Proper Dih. Per. Imp. Dih.          LJ-14
    2.38179e+03    6.18007e+03    8.54656e+03    3.20211e+02    2.81453e+03
     Coulomb-14        LJ (SR)   Coulomb (SR)   Coul. recip. Position Rest.
    3.73132e+04    6.89468e+04   -6.31801e+05    2.01792e+03    7.97536e+02
      Potential    Kinetic En.   Total Energy  Conserved En.    Temperature
   -5.02483e+05    1.00972e+05   -4.01511e+05   -4.00057e+05    2.99183e+02
 Pressure (bar)   Constr. rmsd
   -1.46344e+02    0.00000e+00

           Step           Time
          17000       34.00000

   Energies (kJ/mol)
           Bond          Angle    Proper Dih. Per. Imp. Dih.          LJ-14
    2.22880e+03    6.30255e+03    8.48061e+03    3.26449e+02    2.79672e+03
     Coulomb-14        LJ (SR)   Coulomb (SR)   Coul. recip. Position Rest.
    3.71353e+04    6.82401e+04   -6.31020e+05    2.05170e+03    7.66600e+02
      Potential    Kinetic En.   Total Energy  Conserved En.    Temperature
   -5.02691e+05    1.00753e+05   -4.01938e+05   -4.00093e+05    2.98535e+02
 Pressure (bar)   Constr. rmsd
   -1.85987e+02    0.00000e+00

           Step           Time
          17500       35.00000

   Energies (kJ/mol)
           Bond          Angle    Proper Dih. Per. Imp. Dih.          LJ-14
    2.27607e+03    6.18774e+03    8.46045e+03    3.46949e+02    2.84948e+03
     Coulomb-14        LJ (SR)   Coulomb (SR)   Coul. recip. Position Rest.
    3.74374e+04    6.86474e+04   -6.32231e+05    2.04009e+03    6.79106e+02
      Potential    Kinetic En.   Total Energy  Conserved En.    Temperature
   -5.03306e+05    1.01957e+05   -4.01349e+05   -3.99713e+05    3.02103e+02
 Pressure (bar)   Constr. rmsd
   -8.86451e+01    0.00000e+00

           Step           Time
          18000       36.00000

   Energies (kJ/mol)
           Bond          Angle    Proper Dih. Per. Imp. Dih.          LJ-14
    2.32187e+03    6.11326e+03    8.57950e+03    3.52174e+02    2.81181e+03
     Coulomb-14        LJ (SR)   Coulomb (SR)   Coul. recip. Position Rest.
    3.73005e+04    6.74058e+04   -6.29778e+05    1.95859e+03    7.04272e+02
      Potential    Kinetic En.   Total Energy  Conserved En.    Temperature
   -5.02230e+05    1.00861e+05   -4.01370e+05   -3.99683e+05    2.98853e+02
 Pressure (bar)   Constr. rmsd
   -2.22409e+02    0.00000e+00

step 18200: timed with pme grid 52 52 52, coulomb cutoff 1.200: 62.6 M-cycles
step 18400: timed with pme grid 44 44 44, coulomb cutoff 1.414: 71.9 M-cycles
           Step           Time
          18500       37.00000

   Energies (kJ/mol)
           Bond          Angle    Proper Dih. Per. Imp. Dih.          LJ-14
    2.20691e+03    6.16949e+03    8.52981e+03    3.26625e+02    2.82096e+03
     Coulomb-14        LJ (SR)   Coulomb (SR)   Coul. recip. Position Rest.
    3.71736e+04    6.98735e+04   -6.33063e+05    1.54073e+03    7.75002e+02
      Potential    Kinetic En.   Total Energy  Conserved En.    Temperature
   -5.03646e+05    1.00967e+05   -4.02679e+05   -3.99857e+05    2.99169e+02
 Pressure (bar)   Constr. rmsd
    1.24418e+02    0.00000e+00

step 18600: timed with pme grid 48 48 48, coulomb cutoff 1.297: 67.0 M-cycles
step 18800: timed with pme grid 52 52 52, coulomb cutoff 1.200: 62.8 M-cycles
              optimal pme grid 52 52 52, coulomb cutoff 1.200
           Step           Time
          19000       38.00000

   Energies (kJ/mol)
           Bond          Angle    Proper Dih. Per. Imp. Dih.          LJ-14
    2.14798e+03    6.18669e+03    8.59849e+03    3.14840e+02    2.82690e+03
     Coulomb-14        LJ (SR)   Coulomb (SR)   Coul. recip. Position Rest.
    3.73449e+04    6.95992e+04   -6.33213e+05    2.00167e+03    7.06341e+02
      Potential    Kinetic En.   Total Energy  Conserved En.    Temperature
   -5.03486e+05    1.01390e+05   -4.02096e+05   -3.99788e+05    3.00423e+02
 Pressure (bar)   Constr. rmsd
    1.13382e+00    0.00000e+00

           Step           Time
          19500       39.00000

   Energies (kJ/mol)
           Bond          Angle    Proper Dih. Per. Imp. Dih.          LJ-14
    2.31519e+03    6.30622e+03    8.66022e+03    3.25900e+02    2.82391e+03
     Coulomb-14        LJ (SR)   Coulomb (SR)   Coul. recip. Position Rest.
    3.72230e+04    6.86950e+04   -6.31433e+05    1.99125e+03    7.58393e+02
      Potential    Kinetic En.   Total Energy  Conserved En.    Temperature
   -5.02334e+05    1.00878e+05   -4.01456e+05   -3.99867e+05    2.98905e+02
 Pressure (bar)   Constr. rmsd
    7.10033e+00    0.00000e+00

           Step           Time
          20000       40.00000

   Energies (kJ/mol)
           Bond          Angle    Proper Dih. Per. Imp. Dih.          LJ-14
    2.27053e+03    6.25063e+03    8.49576e+03    3.91085e+02    2.82396e+03
     Coulomb-14        LJ (SR)   Coulomb (SR)   Coul. recip. Position Rest.
    3.72391e+04    6.82014e+04   -6.30059e+05    1.99291e+03    7.51609e+02
      Potential    Kinetic En.   Total Energy  Conserved En.    Temperature
   -5.01642e+05    1.01270e+05   -4.00372e+05   -3.99896e+05    3.00067e+02
 Pressure (bar)   Constr. rmsd
    2.50932e+01    0.00000e+00

           Step           Time
          20500       41.00000

   Energies (kJ/mol)
           Bond          Angle    Proper Dih. Per. Imp. Dih.          LJ-14
    2.28855e+03    6.08445e+03    8.47913e+03    3.00683e+02    2.81658e+03
     Coulomb-14        LJ (SR)   Coulomb (SR)   Coul. recip. Position Rest.
    3.74335e+04    6.91751e+04   -6.30788e+05    2.04022e+03    7.19812e+02
      Potential    Kinetic En.   Total Energy  Conserved En.    Temperature
   -5.01450e+05    1.00723e+05   -4.00727e+05   -4.00089e+05    2.98446e+02
 Pressure (bar)   Constr. rmsd
    1.27197e+02    0.00000e+00

           Step           Time
          21000       42.00000

   Energies (kJ/mol)
           Bond          Angle    Proper Dih. Per. Imp. Dih.          LJ-14
    2.15609e+03    6.17623e+03    8.49871e+03    3.57755e+02    2.90464e+03
     Coulomb-14        LJ (SR)   Coulomb (SR)   Coul. recip. Position Rest.
    3.72799e+04    6.84113e+04   -6.30648e+05    2.05126e+03    7.27763e+02
      Potential    Kinetic En.   Total Energy  Conserved En.    Temperature
   -5.02084e+05    1.01174e+05   -4.00910e+05   -4.00217e+05    2.99782e+02
 Pressure (bar)   Constr. rmsd
   -1.33579e+02    0.00000e+00

           Step           Time
          21500       43.00000

   Energies (kJ/mol)
           Bond          Angle    Proper Dih. Per. Imp. Dih.          LJ-14
    2.19361e+03    6.19148e+03    8.47828e+03    3.77564e+02    2.89195e+03
     Coulomb-14        LJ (SR)   Coulomb (SR)   Coul. recip. Position Rest.
    3.71736e+04    6.78661e+04   -6.29606e+05    2.01642e+03    6.87519e+02
      Potential    Kinetic En.   Total Energy  Conserved En.    Temperature
   -5.01730e+05    1.01137e+05   -4.00593e+05   -4.00067e+05    2.99672e+02
 Pressure (bar)   Constr. rmsd
   -1.43221e+02    0.00000e+00

           Step           Time
          22000       44.00000

   Energies (kJ/mol)
           Bond          Angle    Proper Dih. Per. Imp. Dih.          LJ-14
    2.29425e+03    6.19870e+03    8.51321e+03    3.71352e+02    2.87069e+03
     Coulomb-14        LJ (SR)   Coulomb (SR)   Coul. recip. Position Rest.
    3.71585e+04    6.87791e+04   -6.30689e+05    1.99965e+03    7.38838e+02
      Potential    Kinetic En.   Total Energy  Conserved En.    Temperature
   -5.01765e+05    1.01702e+05   -4.00062e+05   -3.99895e+05    3.01348e+02
 Pressure (bar)   Constr. rmsd
    4.22969e+01    0.00000e+00

           Step           Time
          22500       45.00000

   Energies (kJ/mol)
           Bond          Angle    Proper Dih. Per. Imp. Dih.          LJ-14
    2.33320e+03    6.29420e+03    8.50552e+03    4.07073e+02    2.84471e+03
     Coulomb-14        LJ (SR)   Coulomb (SR)   Coul. recip. Position Rest.
    3.72103e+04    6.78501e+04   -6.28954e+05    2.00630e+03    7.85952e+02
      Potential    Kinetic En.   Total Energy  Conserved En.    Temperature
   -5.00717e+05    1.01329e+05   -3.99388e+05   -3.99653e+05    3.00242e+02
 Pressure (bar)   Constr. rmsd
   -5.26090e+01    0.00000e+00

           Step           Time
          23000       46.00000

   Energies (kJ/mol)
           Bond          Angle    Proper Dih. Per. Imp. Dih.          LJ-14
    2.36706e+03    6.19879e+03    8.60692e+03    3.46546e+02    2.90469e+03
     Coulomb-14        LJ (SR)   Coulomb (SR)   Coul. recip. Position Rest.
    3.72475e+04    6.84917e+04   -6.30398e+05    2.02076e+03    7.38066e+02
      Potential    Kinetic En.   Total Energy  Conserved En.    Temperature
   -5.01476e+05    1.02257e+05   -3.99219e+05   -3.99480e+05    3.02991e+02
 Pressure (bar)   Constr. rmsd
    3.93677e+01    0.00000e+00

           Step           Time
          23500       47.00000

   Energies (kJ/mol)
           Bond          Angle    Proper Dih. Per. Imp. Dih.          LJ-14
    2.09798e+03    6.26412e+03    8.49368e+03    3.39596e+02    2.90913e+03
     Coulomb-14        LJ (SR)   Coulomb (SR)   Coul. recip. Position Rest.
    3.73247e+04    6.84681e+04   -6.31339e+05    2.03119e+03    7.20044e+02
      Potential    Kinetic En.   Total Energy  Conserved En.    Temperature
   -5.02691e+05    1.00903e+05   -4.01788e+05   -3.99440e+05    2.98978e+02
 Pressure (bar)   Constr. rmsd
    8.48058e+01    0.00000e+00

           Step           Time
          24000       48.00000

   Energies (kJ/mol)
           Bond          Angle    Proper Dih. Per. Imp. Dih.          LJ-14
    2.22378e+03    6.29230e+03    8.55879e+03    3.53361e+02    2.93044e+03
     Coulomb-14        LJ (SR)   Coulomb (SR)   Coul. recip. Position Rest.
    3.72829e+04    6.90989e+04   -6.32082e+05    2.01582e+03    7.42399e+02
      Potential    Kinetic En.   Total Energy  Conserved En.    Temperature
   -5.02584e+05    1.01238e+05   -4.01346e+05   -3.99645e+05    2.99970e+02
 Pressure (bar)   Constr. rmsd
    3.81611e+02    0.00000e+00

           Step           Time
          24500       49.00000

   Energies (kJ/mol)
           Bond          Angle    Proper Dih. Per. Imp. Dih.          LJ-14
    2.14463e+03    6.19783e+03    8.51379e+03    3.72089e+02    2.78937e+03
     Coulomb-14        LJ (SR)   Coulomb (SR)   Coul. recip. Position Rest.
    3.72838e+04    6.94244e+04   -6.32419e+05    1.92421e+03    7.91582e+02
      Potential    Kinetic En.   Total Energy  Conserved En.    Temperature
   -5.02977e+05    1.01854e+05   -4.01123e+05   -3.99332e+05    3.01797e+02
 Pressure (bar)   Constr. rmsd
    1.57358e+02    0.00000e+00

           Step           Time
          25000       50.00000

   Energies (kJ/mol)
           Bond          Angle    Proper Dih. Per. Imp. Dih.          LJ-14
    2.22161e+03    6.33351e+03    8.64488e+03    3.46916e+02    2.94728e+03
     Coulomb-14        LJ (SR)   Coulomb (SR)   Coul. recip. Position Rest.
    3.72521e+04    6.83360e+04   -6.30653e+05    2.00210e+03    7.17586e+02
      Potential    Kinetic En.   Total Energy  Conserved En.    Temperature
   -5.01851e+05    1.01252e+05   -4.00599e+05   -3.99433e+05    3.00013e+02
 Pressure (bar)   Constr. rmsd
    1.77402e+02    0.00000e+00

           Step           Time
          25500       51.00000

   Energies (kJ/mol)
           Bond          Angle    Proper Dih. Per. Imp. Dih.          LJ-14
    2.24241e+03    6.32287e+03    8.60942e+03    3.61492e+02    2.88298e+03
     Coulomb-14        LJ (SR)   Coulomb (SR)   Coul. recip. Position Rest.
    3.72132e+04    6.86820e+04   -6.31068e+05    1.93958e+03    7.75495e+02
      Potential    Kinetic En.   Total Energy  Conserved En.    Temperature
   -5.02038e+05    1.01930e+05   -4.00108e+05   -3.99607e+05    3.02021e+02
 Pressure (bar)   Constr. rmsd
    4.93327e+01    0.00000e+00

           Step           Time
          26000       52.00000

   Energies (kJ/mol)
           Bond          Angle    Proper Dih. Per. Imp. Dih.          LJ-14
    2.28306e+03    6.28413e+03    8.52581e+03    3.43773e+02    2.83595e+03
     Coulomb-14        LJ (SR)   Coulomb (SR)   Coul. recip. Position Rest.
    3.73556e+04    6.83916e+04   -6.30925e+05    1.99288e+03    7.23363e+02
      Potential    Kinetic En.   Total Energy  Conserved En.    Temperature
   -5.02189e+05    1.01997e+05   -4.00192e+05   -3.99457e+05    3.02220e+02
 Pressure (bar)   Constr. rmsd
   -4.00898e-01    0.00000e+00

           Step           Time
          26500       53.00000

   Energies (kJ/mol)
           Bond          Angle    Proper Dih. Per. Imp. Dih.          LJ-14
    2.20349e+03    6.14645e+03    8.51337e+03    3.34518e+02    2.81236e+03
     Coulomb-14        LJ (SR)   Coulomb (SR)   Coul. recip. Position Rest.
    3.74606e+04    6.99141e+04   -6.33091e+05    1.97875e+03    7.46297e+02
      Potential    Kinetic En.   Total Energy  Conserved En.    Temperature
   -5.02981e+05    1.00010e+05   -4.02971e+05   -3.99155e+05    2.96334e+02
 Pressure (bar)   Constr. rmsd
    1.09694e+02    0.00000e+00

           Step           Time
          27000       54.00000

   Energies (kJ/mol)
           Bond          Angle    Proper Dih. Per. Imp. Dih.          LJ-14
    2.25726e+03    6.19578e+03    8.55203e+03    3.51958e+02    2.86590e+03
     Coulomb-14        LJ (SR)   Coulomb (SR)   Coul. recip. Position Rest.
    3.74116e+04    6.93597e+04   -6.31864e+05    2.03499e+03    7.97565e+02
      Potential    Kinetic En.   Total Energy  Conserved En.    Temperature
   -5.02038e+05    1.01032e+05   -4.01006e+05   -3.99650e+05    2.99360e+02
 Pressure (bar)   Constr. rmsd
    2.22098e+02    0.00000e+00

           Step           Time
          27500       55.00000

   Energies (kJ/mol)
           Bond          Angle    Proper Dih. Per. Imp. Dih.          LJ-14
    2.17104e+03    6.26179e+03    8.44980e+03    3.32506e+02    2.89675e+03
     Coulomb-14        LJ (SR)   Coulomb (SR)   Coul. recip. Position Rest.
    3.72724e+04    6.83162e+04   -6.31232e+05    1.97424e+03    7.54698e+02
      Potential    Kinetic En.   Total Energy  Conserved En.    Temperature
   -5.02802e+05    1.01136e+05   -4.01666e+05   -3.99754e+05    2.99668e+02
 Pressure (bar)   Constr. rmsd
   -6.24995e+01    0.00000e+00

           Step           Time
          28000       56.00000

   Energies (kJ/mol)
           Bond          Angle    Proper Dih. Per. Imp. Dih.          LJ-14
    2.22144e+03    6.21915e+03    8.45048e+03    3.19075e+02    2.90709e+03
     Coulomb-14        LJ (SR)   Coulomb (SR)   Coul. recip. Position Rest.
    3.74808e+04    6.83489e+04   -6.30696e+05    2.01858e+03    7.25411e+02
      Potential    Kinetic En.   Total Energy  Conserved En.    Temperature
   -5.02005e+05    1.01407e+05   -4.00598e+05   -3.99629e+05    3.00471e+02
 Pressure (bar)   Constr. rmsd
   -3.29627e+00    0.00000e+00

           Step           Time
          28500       57.00000

   Energies (kJ/mol)
           Bond          Angle    Proper Dih. Per. Imp. Dih.          LJ-14
    2.16020e+03    6.22635e+03    8.59722e+03    3.40893e+02    2.78864e+03
     Coulomb-14        LJ (SR)   Coulomb (SR)   Coul. recip. Position Rest.
    3.72393e+04    6.85608e+04   -6.30546e+05    1.97214e+03    7.33373e+02
      Potential    Kinetic En.   Total Energy  Conserved En.    Temperature
   -5.01927e+05    1.01544e+05   -4.00383e+05   -3.99463e+05    3.00878e+02
 Pressure (bar)   Constr. rmsd
   -5.81069e+01    0.00000e+00

           Step           Time
          29000       58.00000

   Energies (kJ/mol)
           Bond          Angle    Proper Dih. Per. Imp. Dih.          LJ-14
    2.46955e+03    6.32830e+03    8.45950e+03    3.22153e+02    2.88939e+03
     Coulomb-14        LJ (SR)   Coulomb (SR)   Coul. recip. Position Rest.
    3.71499e+04    6.94438e+04   -6.31574e+05    1.97734e+03    7.96230e+02
      Potential    Kinetic En.   Total Energy  Conserved En.    Temperature
   -5.01737e+05    1.01343e+05   -4.00394e+05   -3.99546e+05    3.00283e+02
 Pressure (bar)   Constr. rmsd
    1.35716e+02    0.00000e+00

           Step           Time
          29500       59.00000

   Energies (kJ/mol)
           Bond          Angle    Proper Dih. Per. Imp. Dih.          LJ-14
    2.24743e+03    6.21261e+03    8.52707e+03    3.41230e+02    2.87714e+03
     Coulomb-14        LJ (SR)   Coulomb (SR)   Coul. recip. Position Rest.
    3.72226e+04    6.89035e+04   -6.31614e+05    2.00287e+03    7.53876e+02
      Potential    Kinetic En.   Total Energy  Conserved En.    Temperature
   -5.02525e+05    1.00915e+05   -4.01610e+05   -3.99598e+05    2.99014e+02
 Pressure (bar)   Constr. rmsd
   -8.30547e+01    0.00000e+00

           Step           Time
          30000       60.00000

   Energies (kJ/mol)
           Bond          Angle    Proper Dih. Per. Imp. Dih.          LJ-14
    2.38200e+03    6.16769e+03    8.55924e+03    3.08321e+02    2.82230e+03
     Coulomb-14        LJ (SR)   Coulomb (SR)   Coul. recip. Position Rest.
    3.71868e+04    6.90021e+04   -6.30537e+05    2.02799e+03    8.36674e+02
      Potential    Kinetic En.   Total Energy  Conserved En.    Temperature
   -5.01244e+05    1.01167e+05   -4.00077e+05   -3.99786e+05    2.99761e+02
 Pressure (bar)   Constr. rmsd
   -2.86033e+01    0.00000e+00

           Step           Time
          30500       61.00000

   Energies (kJ/mol)
           Bond          Angle    Proper Dih. Per. Imp. Dih.          LJ-14
    2.21129e+03    6.30685e+03    8.50207e+03    3.49923e+02    2.88722e+03
     Coulomb-14        LJ (SR)   Coulomb (SR)   Coul. recip. Position Rest.
    3.71407e+04    6.72945e+04   -6.28204e+05    2.02976e+03    7.35682e+02
      Potential    Kinetic En.   Total Energy  Conserved En.    Temperature
   -5.00747e+05    1.01524e+05   -3.99222e+05   -3.99754e+05    3.00819e+02
 Pressure (bar)   Constr. rmsd
   -1.12837e+02    0.00000e+00

           Step           Time
          31000       62.00000

   Energies (kJ/mol)
           Bond          Angle    Proper Dih. Per. Imp. Dih.          LJ-14
    2.18333e+03    6.41131e+03    8.43845e+03    3.29873e+02    2.84959e+03
     Coulomb-14        LJ (SR)   Coulomb (SR)   Coul. recip. Position Rest.
    3.70870e+04    6.81379e+04   -6.29301e+05    2.01565e+03    8.01378e+02
      Potential    Kinetic En.   Total Energy  Conserved En.    Temperature
   -5.01046e+05    1.01869e+05   -3.99177e+05   -3.99690e+05    3.01841e+02
 Pressure (bar)   Constr. rmsd
   -6.79310e+01    0.00000e+00

           Step           Time
          31500       63.00000

   Energies (kJ/mol)
           Bond          Angle    Proper Dih. Per. Imp. Dih.          LJ-14
    2.30022e+03    6.33477e+03    8.55884e+03    3.51355e+02    2.85202e+03
     Coulomb-14        LJ (SR)   Coulomb (SR)   Coul. recip. Position Rest.
    3.74059e+04    6.83422e+04   -6.30363e+05    1.92500e+03    7.47962e+02
      Potential    Kinetic En.   Total Energy  Conserved En.    Temperature
   -5.01544e+05    1.01337e+05   -4.00207e+05   -3.99579e+05    3.00264e+02
 Pressure (bar)   Constr. rmsd
   -3.61385e+01    0.00000e+00

           Step           Time
          32000       64.00000

   Energies (kJ/mol)
           Bond          Angle    Proper Dih. Per. Imp. Dih.          LJ-14
    2.46560e+03    6.13407e+03    8.52973e+03    3.51999e+02    2.76380e+03
     Coulomb-14        LJ (SR)   Coulomb (SR)   Coul. recip. Position Rest.
    3.70975e+04    6.91409e+04   -6.31868e+05    2.11845e+03    7.48169e+02
      Potential    Kinetic En.   Total Energy  Conserved En.    Temperature
   -5.02518e+05    1.00162e+05   -4.02355e+05   -3.99483e+05    2.96784e+02
 Pressure (bar)   Constr. rmsd
    3.78783e+01    0.00000e+00

           Step           Time
          32500       65.00000

   Energies (kJ/mol)
           Bond          Angle    Proper Dih. Per. Imp. Dih.          LJ-14
    2.31493e+03    6.27995e+03    8.52914e+03    3.19077e+02    2.80355e+03
     Coulomb-14        LJ (SR)   Coulomb (SR)   Coul. recip. Position Rest.
    3.71801e+04    6.77571e+04   -6.30699e+05    1.98412e+03    7.07745e+02
      Potential    Kinetic En.   Total Energy  Conserved En.    Temperature
   -5.02823e+05    1.00846e+05   -4.01976e+05   -3.99184e+05    2.98811e+02
 Pressure (bar)   Constr. rmsd
   -2.95078e+02    0.00000e+00

           Step           Time
          33000       66.00000

   Energies (kJ/mol)
           Bond          Angle    Proper Dih. Per. Imp. Dih.          LJ-14
    2.26504e+03    6.27695e+03    8.48194e+03    3.64600e+02    2.90788e+03
     Coulomb-14        LJ (SR)   Coulomb (SR)   Coul. recip. Position Rest.
    3.71807e+04    6.78822e+04   -6.29779e+05    2.00159e+03    7.74471e+02
      Potential    Kinetic En.   Total Energy  Conserved En.    Temperature
   -5.01644e+05    1.01521e+05   -4.00123e+05   -3.99303e+05    3.00809e+02
 Pressure (bar)   Constr. rmsd
    4.41816e+01    0.00000e+00

           Step           Time
          33500       67.00000

   Energies (kJ/mol)
           Bond          Angle    Proper Dih. Per. Imp. Dih.          LJ-14
    2.31273e+03    6.23967e+03    8.46860e+03    3.64919e+02    2.92977e+03
     Coulomb-14        LJ (SR)   Coulomb (SR)   Coul. recip. Position Rest.
    3.73658e+04    6.85022e+04   -6.31318e+05    2.04082e+03    7.95408e+02
      Potential    Kinetic En.   Total Energy  Conserved En.    Temperature
   -5.02299e+05    1.01906e+05   -4.00392e+05   -3.99172e+05    3.01952e+02
 Pressure (bar)   Constr. rmsd
   -4.72039e+01    0.00000e+00

           Step           Time
          34000       68.00000

   Energies (kJ/mol)
           Bond          Angle    Proper Dih. Per. Imp. Dih.          LJ-14
    2.38778e+03    6.22902e+03    8.53255e+03    3.51952e+02    2.85633e+03
     Coulomb-14        LJ (SR)   Coulomb (SR)   Coul. recip. Position Rest.
    3.72309e+04    6.84382e+04   -6.30133e+05    2.00984e+03    7.13703e+02
      Potential    Kinetic En.   Total Energy  Conserved En.    Temperature
   -5.01383e+05    1.00970e+05   -4.00413e+05   -3.99152e+05    2.99179e+02
 Pressure (bar)   Constr. rmsd
    3.34282e+01    0.00000e+00

           Step           Time
          34500       69.00000

   Energies (kJ/mol)
           Bond          Angle    Proper Dih. Per. Imp. Dih.          LJ-14
    2.29055e+03    6.22216e+03    8.49534e+03    3.34798e+02    2.84022e+03
     Coulomb-14        LJ (SR)   Coulomb (SR)   Coul. recip. Position Rest.
    3.72126e+04    6.86644e+04   -6.31409e+05    1.94540e+03    7.51753e+02
      Potential    Kinetic En.   Total Energy  Conserved En.    Temperature
   -5.02652e+05    1.01019e+05   -4.01632e+05   -3.98950e+05    2.99322e+02
 Pressure (bar)   Constr. rmsd
    2.28917e+01    0.00000e+00

           Step           Time
          35000       70.00000

   Energies (kJ/mol)
           Bond          Angle    Proper Dih. Per. Imp. Dih.          LJ-14
    2.20178e+03    6.41535e+03    8.50638e+03    3.65049e+02    2.85060e+03
     Coulomb-14        LJ (SR)   Coulomb (SR)   Coul. recip. Position Rest.
    3.70908e+04    6.86092e+04   -6.30658e+05    2.02176e+03    8.04830e+02
      Potential    Kinetic En.   Total Energy  Conserved En.    Temperature
   -5.01792e+05    1.01648e+05   -4.00144e+05   -3.99199e+05    3.01187e+02
 Pressure (bar)   Constr. rmsd
    1.02747e+02    0.00000e+00

           Step           Time
          35500       71.00000

   Energies (kJ/mol)
           Bond          Angle    Proper Dih. Per. Imp. Dih.          LJ-14
    2.18868e+03    6.29177e+03    8.52706e+03    3.35772e+02    2.88863e+03
     Coulomb-14        LJ (SR)   Coulomb (SR)   Coul. recip. Position Rest.
    3.71732e+04    6.87087e+04   -6.30967e+05    2.07654e+03    7.60719e+02
      Potential    Kinetic En.   Total Energy  Conserved En.    Temperature
   -5.02016e+05    1.01189e+05   -4.00827e+05   -3.99465e+05    2.99825e+02
 Pressure (bar)   Constr. rmsd
    1.77912e+02    0.00000e+00

           Step           Time
          36000       72.00000

   Energies (kJ/mol)
           Bond          Angle    Proper Dih. Per. Imp. Dih.          LJ-14
    2.18333e+03    6.22092e+03    8.52005e+03    3.19114e+02    2.85325e+03
     Coulomb-14        LJ (SR)   Coulomb (SR)   Coul. recip. Position Rest.
    3.74475e+04    6.77651e+04   -6.30223e+05    2.05080e+03    7.63799e+02
      Potential    Kinetic En.   Total Energy  Conserved En.    Temperature
   -5.02099e+05    1.00606e+05   -4.01493e+05   -3.99390e+05    2.98099e+02
 Pressure (bar)   Constr. rmsd
   -1.99844e+02    0.00000e+00

           Step           Time
          36500       73.00000

   Energies (kJ/mol)
           Bond          Angle    Proper Dih. Per. Imp. Dih.          LJ-14
    2.23282e+03    6.36194e+03    8.50267e+03    3.52602e+02    2.82315e+03
     Coulomb-14        LJ (SR)   Coulomb (SR)   Coul. recip. Position Rest.
    3.73097e+04    6.73697e+04   -6.28872e+05    2.00147e+03    7.45678e+02
      Potential    Kinetic En.   Total Energy  Conserved En.    Temperature
   -5.01172e+05    1.01397e+05   -3.99775e+05   -3.99406e+05    3.00441e+02
 Pressure (bar)   Constr. rmsd
   -2.81409e+02    0.00000e+00

           Step           Time
          37000       74.00000

   Energies (kJ/mol)
           Bond          Angle    Proper Dih. Per. Imp. Dih.          LJ-14
    2.28748e+03    6.57631e+03    8.44433e+03    3.44912e+02    2.81087e+03
     Coulomb-14        LJ (SR)   Coulomb (SR)   Coul. recip. Position Rest.
    3.73250e+04    6.73515e+04   -6.28115e+05    1.97427e+03    7.84290e+02
      Potential    Kinetic En.   Total Energy  Conserved En.    Temperature
   -5.00216e+05    1.01971e+05   -3.98246e+05   -3.99331e+05    3.02142e+02
 Pressure (bar)   Constr. rmsd
   -1.65912e+02    0.00000e+00

           Step           Time
          37500       75.00000

   Energies (kJ/mol)
           Bond          Angle    Proper Dih. Per. Imp. Dih.          LJ-14
    2.13964e+03    6.22060e+03    8.54005e+03    3.49579e+02    2.93701e+03
     Coulomb-14        LJ (SR)   Coulomb (SR)   Coul. recip. Position Rest.
    3.73383e+04    6.72436e+04   -6.28669e+05    1.88933e+03    7.11862e+02
      Potential    Kinetic En.   Total Energy  Conserved En.    Temperature
   -5.01299e+05    1.00868e+05   -4.00431e+05   -3.99402e+05    2.98875e+02
 Pressure (bar)   Constr. rmsd
   -1.95909e+01    0.00000e+00

           Step           Time
          38000       76.00000

   Energies (kJ/mol)
           Bond          Angle    Proper Dih. Per. Imp. Dih.          LJ-14
    2.34688e+03    6.16440e+03    8.49845e+03    3.45265e+02    2.91563e+03
     Coulomb-14        LJ (SR)   Coulomb (SR)   Coul. recip. Position Rest.
    3.73618e+04    6.85839e+04   -6.30326e+05    1.99805e+03    7.30392e+02
      Potential    Kinetic En.   Total Energy  Conserved En.    Temperature
   -5.01381e+05    1.01486e+05   -3.99895e+05   -3.99346e+05    3.00705e+02
 Pressure (bar)   Constr. rmsd
   -6.82781e+01    0.00000e+00

           Step           Time
          38500       77.00000

   Energies (kJ/mol)
           Bond          Angle    Proper Dih. Per. Imp. Dih.          LJ-14
    2.25660e+03    6.20228e+03    8.63520e+03    3.57015e+02    2.84631e+03
     Coulomb-14        LJ (SR)   Coulomb (SR)   Coul. recip. Position Rest.
    3.73188e+04    6.77851e+04   -6.29556e+05    2.04449e+03    7.16414e+02
      Potential    Kinetic En.   Total Energy  Conserved En.    Temperature
   -5.01394e+05    1.00857e+05   -4.00537e+05   -3.99328e+05    2.98842e+02
 Pressure (bar)   Constr. rmsd
   -1.41414e+02    0.00000e+00

           Step           Time
          39000       78.00000

   Energies (kJ/mol)
           Bond          Angle    Proper Dih. Per. Imp. Dih.          LJ-14
    2.17340e+03    6.19406e+03    8.62902e+03    3.54968e+02    2.84013e+03
     Coulomb-14        LJ (SR)   Coulomb (SR)   Coul. recip. Position Rest.
    3.73198e+04    6.80128e+04   -6.29635e+05    2.00123e+03    8.11833e+02
      Potential    Kinetic En.   Total Energy  Conserved En.    Temperature
   -5.01298e+05    1.01632e+05   -3.99666e+05   -3.99293e+05    3.01137e+02
 Pressure (bar)   Constr. rmsd
   -4.06332e+01    0.00000e+00

           Step           Time
          39500       79.00000

   Energies (kJ/mol)
           Bond          Angle    Proper Dih. Per. Imp. Dih.          LJ-14
    2.08442e+03    6.24738e+03    8.54439e+03    3.39231e+02    2.86246e+03
     Coulomb-14        LJ (SR)   Coulomb (SR)   Coul. recip. Position Rest.
    3.72741e+04    6.88629e+04   -6.32440e+05    1.96363e+03    7.65334e+02
      Potential    Kinetic En.   Total Energy  Conserved En.    Temperature
   -5.03496e+05    1.00695e+05   -4.02801e+05   -3.99199e+05    2.98362e+02
 Pressure (bar)   Constr. rmsd
   -5.66469e+01    0.00000e+00

           Step           Time
          40000       80.00000

   Energies (kJ/mol)
           Bond          Angle    Proper Dih. Per. Imp. Dih.          LJ-14
    2.26287e+03    6.43556e+03    8.58353e+03    4.00993e+02    2.83373e+03
     Coulomb-14        LJ (SR)   Coulomb (SR)   Coul. recip. Position Rest.
    3.70826e+04    6.68633e+04   -6.28154e+05    1.99199e+03    8.08394e+02
      Potential    Kinetic En.   Total Energy  Conserved En.    Temperature
   -5.00891e+05    1.01123e+05   -3.99768e+05   -3.99027e+05    2.99631e+02
 Pressure (bar)   Constr. rmsd
   -1.90480e+02    0.00000e+00

           Step           Time
          40500       81.00000

   Energies (kJ/mol)
           Bond          Angle    Proper Dih. Per. Imp. Dih.          LJ-14
    2.28999e+03    6.08119e+03    8.46963e+03    3.67679e+02    2.85022e+03
     Coulomb-14        LJ (SR)   Coulomb (SR)   Coul. recip. Position Rest.
    3.72156e+04    7.05261e+04   -6.34307e+05    1.91963e+03    7.15593e+02
      Potential    Kinetic En.   Total Energy  Conserved En.    Temperature
   -5.03872e+05    1.01110e+05   -4.02762e+05   -3.99009e+05    2.99591e+02
 Pressure (bar)   Constr. rmsd
    1.77576e+02    0.00000e+00

           Step           Time
          41000       82.00000

   Energies (kJ/mol)
           Bond          Angle    Proper Dih. Per. Imp. Dih.          LJ-14
    2.21980e+03    6.48527e+03    8.52345e+03    3.59739e+02    2.85143e+03
     Coulomb-14        LJ (SR)   Coulomb (SR)   Coul. recip. Position Rest.
    3.73008e+04    6.86828e+04   -6.30944e+05    2.02797e+03    7.10697e+02
      Potential    Kinetic En.   Total Energy  Conserved En.    Temperature
   -5.01782e+05    1.01218e+05   -4.00564e+05   -3.99148e+05    2.99913e+02
 Pressure (bar)   Constr. rmsd
    1.40824e+02    0.00000e+00

           Step           Time
          41500       83.00000

   Energies (kJ/mol)
           Bond          Angle    Proper Dih. Per. Imp. Dih.          LJ-14
    2.27637e+03    6.16127e+03    8.49205e+03    3.85987e+02    2.90649e+03
     Coulomb-14        LJ (SR)   Coulomb (SR)   Coul. recip. Position Rest.
    3.72189e+04    6.90961e+04   -6.30569e+05    1.93415e+03    7.84762e+02
      Potential    Kinetic En.   Total Energy  Conserved En.    Temperature
   -5.01313e+05    1.01623e+05   -3.99690e+05   -3.99012e+05    3.01112e+02
 Pressure (bar)   Constr. rmsd
    3.61488e+01    0.00000e+00

           Step           Time
          42000       84.00000

   Energies (kJ/mol)
           Bond          Angle    Proper Dih. Per. Imp. Dih.          LJ-14
    2.44100e+03    6.29078e+03    8.59188e+03    3.70268e+02    2.85451e+03
     Coulomb-14        LJ (SR)   Coulomb (SR)   Coul. recip. Position Rest.
    3.74023e+04    6.78772e+04   -6.30520e+05    2.00143e+03    7.92055e+02
      Potential    Kinetic En.   Total Energy  Conserved En.    Temperature
   -5.01899e+05    1.02274e+05   -3.99625e+05   -3.98788e+05    3.03040e+02
 Pressure (bar)   Constr. rmsd
    7.09132e+01    0.00000e+00

           Step           Time
          42500       85.00000

   Energies (kJ/mol)
           Bond          Angle    Proper Dih. Per. Imp. Dih.          LJ-14
    2.35473e+03    6.20410e+03    8.55445e+03    2.86787e+02    2.79459e+03
     Coulomb-14        LJ (SR)   Coulomb (SR)   Coul. recip. Position Rest.
    3.73274e+04    6.79070e+04   -6.29732e+05    1.95015e+03    7.53392e+02
      Potential    Kinetic En.   Total Energy  Conserved En.    Temperature
   -5.01599e+05    1.00658e+05   -4.00941e+05   -3.98572e+05    2.98254e+02
 Pressure (bar)   Constr. rmsd
   -1.55714e+02    0.00000e+00

           Step           Time
          43000       86.00000

   Energies (kJ/mol)
           Bond          Angle    Proper Dih. Per. Imp. Dih.          LJ-14
    2.30705e+03    6.20402e+03    8.50821e+03    3.68400e+02    2.85729e+03
     Coulomb-14        LJ (SR)   Coulomb (SR)   Coul. recip. Position Rest.
    3.74580e+04    6.86948e+04   -6.30753e+05    1.98770e+03    8.14933e+02
      Potential    Kinetic En.   Total Energy  Conserved En.    Temperature
   -5.01552e+05    1.01023e+05   -4.00530e+05   -3.98749e+05    2.99333e+02
 Pressure (bar)   Constr. rmsd
   -8.44012e+01    0.00000e+00

           Step           Time
          43500       87.00000

   Energies (kJ/mol)
           Bond          Angle    Proper Dih. Per. Imp. Dih.          LJ-14
    2.07378e+03    6.20043e+03    8.51825e+03    3.04554e+02    2.85715e+03
     Coulomb-14        LJ (SR)   Coulomb (SR)   Coul. recip. Position Rest.
    3.74282e+04    6.84675e+04   -6.30439e+05    1.97555e+03    7.36953e+02
      Potential    Kinetic En.   Total Energy  Conserved En.    Temperature
   -5.01876e+05    1.00343e+05   -4.01533e+05   -3.98682e+05    2.97319e+02
 Pressure (bar)   Constr. rmsd
    1.29557e+02    0.00000e+00

           Step           Time
          44000       88.00000

   Energies (kJ/mol)
           Bond          Angle    Proper Dih. Per. Imp. Dih.          LJ-14
    2.16953e+03    6.38846e+03    8.47776e+03    3.56700e+02    2.86470e+03
     Coulomb-14        LJ (SR)   Coulomb (SR)   Coul. recip. Position Rest.
    3.73050e+04    6.89380e+04   -6.30888e+05    1.98664e+03    7.41130e+02
      Potential    Kinetic En.   Total Energy  Conserved En.    Temperature
   -5.01660e+05    1.01652e+05   -4.00008e+05   -3.98962e+05    3.01198e+02
 Pressure (bar)   Constr. rmsd
    1.57734e+02    0.00000e+00

           Step           Time
          44500       89.00000

   Energies (kJ/mol)
           Bond          Angle    Proper Dih. Per. Imp. Dih.          LJ-14
    2.26124e+03    6.09361e+03    8.58021e+03    3.30380e+02    2.93599e+03
     Coulomb-14        LJ (SR)   Coulomb (SR)   Coul. recip. Position Rest.
    3.71899e+04    6.89171e+04   -6.31812e+05    1.97997e+03    7.59150e+02
      Potential    Kinetic En.   Total Energy  Conserved En.    Temperature
   -5.02764e+05    1.01972e+05   -4.00792e+05   -3.98643e+05    3.02147e+02
 Pressure (bar)   Constr. rmsd
    2.67908e+02    0.00000e+00

           Step           Time
          45000       90.00000

   Energies (kJ/mol)
           Bond          Angle    Proper Dih. Per. Imp. Dih.          LJ-14
    2.23656e+03    6.27437e+03    8.61805e+03    3.67879e+02    2.79045e+03
     Coulomb-14        LJ (SR)   Coulomb (SR)   Coul. recip. Position Rest.
    3.71240e+04    6.85207e+04   -6.31204e+05    1.93312e+03    7.85372e+02
      Potential    Kinetic En.   Total Energy  Conserved En.    Temperature
   -5.02554e+05    1.00884e+05   -4.01670e+05   -3.98570e+05    2.98921e+02
 Pressure (bar)   Constr. rmsd
    3.92703e+01    0.00000e+00

           Step           Time
          45500       91.00000

   Energies (kJ/mol)
           Bond          Angle    Proper Dih. Per. Imp. Dih.          LJ-14
    2.40941e+03    6.11554e+03    8.49204e+03    3.47189e+02    2.86501e+03
     Coulomb-14        LJ (SR)   Coulomb (SR)   Coul. recip. Position Rest.
    3.73858e+04    6.88275e+04   -6.30972e+05    1.94071e+03    7.70614e+02
      Potential    Kinetic En.   Total Energy  Conserved En.    Temperature
   -5.01818e+05    1.01486e+05   -4.00333e+05   -3.98387e+05    3.00705e+02
 Pressure (bar)   Constr. rmsd
   -3.05836e+01    0.00000e+00

           Step           Time
          46000       92.00000

   Energies (kJ/mol)
           Bond          Angle    Proper Dih. Per. Imp. Dih.          LJ-14
    2.25315e+03    6.26394e+03    8.56118e+03    3.47431e+02    2.82264e+03
     Coulomb-14        LJ (SR)   Coulomb (SR)   Coul. recip. Position Rest.
    3.73848e+04    6.86711e+04   -6.32023e+05    1.89355e+03    7.24559e+02
      Potential    Kinetic En.   Total Energy  Conserved En.    Temperature
   -5.03101e+05    1.01444e+05   -4.01657e+05   -3.98385e+05    3.00582e+02
 Pressure (bar)   Constr. rmsd
    1.41765e+02    0.00000e+00

           Step           Time
          46500       93.00000

   Energies (kJ/mol)
           Bond          Angle    Proper Dih. Per. Imp. Dih.          LJ-14
    2.33997e+03    6.19903e+03    8.48140e+03    3.51338e+02    2.85895e+03
     Coulomb-14        LJ (SR)   Coulomb (SR)   Coul. recip. Position Rest.
    3.72281e+04    7.02599e+04   -6.34202e+05    1.94949e+03    7.52688e+02
      Potential    Kinetic En.   Total Energy  Conserved En.    Temperature
   -5.03781e+05    1.01393e+05   -4.02388e+05   -3.98531e+05    3.00432e+02
 Pressure (bar)   Constr. rmsd
    1.55206e+02    0.00000e+00

           Step           Time
          47000       94.00000

   Energies (kJ/mol)
           Bond          Angle    Proper Dih. Per. Imp. Dih.          LJ-14
    2.35340e+03    6.35304e+03    8.47072e+03    3.60877e+02    2.84448e+03
     Coulomb-14        LJ (SR)   Coulomb (SR)   Coul. recip. Position Rest.
    3.72202e+04    6.84186e+04   -6.31030e+05    1.97409e+03    7.78674e+02
      Potential    Kinetic En.   Total Energy  Conserved En.    Temperature
   -5.02256e+05    1.01960e+05   -4.00296e+05   -3.98735e+05    3.02111e+02
 Pressure (bar)   Constr. rmsd
   -4.50069e+01    0.00000e+00

           Step           Time
          47500       95.00000

   Energies (kJ/mol)
           Bond          Angle    Proper Dih. Per. Imp. Dih.          LJ-14
    2.15833e+03    6.24316e+03    8.43512e+03    3.57594e+02    2.90110e+03
     Coulomb-14        LJ (SR)   Coulomb (SR)   Coul. recip. Position Rest.
    3.75400e+04    6.85459e+04   -6.29769e+05    1.96695e+03    7.64696e+02
      Potential    Kinetic En.   Total Energy  Conserved En.    Temperature
   -5.00856e+05    1.00394e+05   -4.00462e+05   -3.98950e+05    2.97471e+02
 Pressure (bar)   Constr. rmsd
    2.49460e+02    0.00000e+00

           Step           Time
          48000       96.00000

   Energies (kJ/mol)
           Bond          Angle    Proper Dih. Per. Imp. Dih.          LJ-14
    2.13045e+03    6.30260e+03    8.49888e+03    3.63374e+02    2.82314e+03
     Coulomb-14        LJ (SR)   Coulomb (SR)   Coul. recip. Position Rest.
    3.75009e+04    6.79617e+04   -6.30187e+05    1.99223e+03    7.86273e+02
      Potential    Kinetic En.   Total Energy  Conserved En.    Temperature
   -5.01827e+05    1.01015e+05   -4.00813e+05   -3.98955e+05    2.99309e+02
 Pressure (bar)   Constr. rmsd
   -1.51883e+02    0.00000e+00

           Step           Time
          48500       97.00000

   Energies (kJ/mol)
           Bond          Angle    Proper Dih. Per. Imp. Dih.          LJ-14
    2.21457e+03    6.02922e+03    8.40413e+03    3.11410e+02    2.93439e+03
     Coulomb-14        LJ (SR)   Coulomb (SR)   Coul. recip. Position Rest.
    3.75453e+04    6.85625e+04   -6.30869e+05    1.98050e+03    7.88526e+02
      Potential    Kinetic En.   Total Energy  Conserved En.    Temperature
   -5.02099e+05    1.01796e+05   -4.00302e+05   -3.98841e+05    3.01625e+02
 Pressure (bar)   Constr. rmsd
   -5.18153e+01    0.00000e+00

           Step           Time
          49000       98.00000

   Energies (kJ/mol)
           Bond          Angle    Proper Dih. Per. Imp. Dih.          LJ-14
    2.23846e+03    6.36809e+03    8.51650e+03    3.65311e+02    2.88854e+03
     Coulomb-14        LJ (SR)   Coulomb (SR)   Coul. recip. Position Rest.
    3.73956e+04    6.99084e+04   -6.31974e+05    1.90430e+03    7.32999e+02
      Potential    Kinetic En.   Total Energy  Conserved En.    Temperature
   -5.01656e+05    1.00359e+05   -4.01297e+05   -3.98655e+05    2.97367e+02
 Pressure (bar)   Constr. rmsd
    4.96009e+01    0.00000e+00

           Step           Time
          49500       99.00000

   Energies (kJ/mol)
           Bond          Angle    Proper Dih. Per. Imp. Dih.          LJ-14
    2.27506e+03    6.14507e+03    8.38148e+03    3.05385e+02    2.83783e+03
     Coulomb-14        LJ (SR)   Coulomb (SR)   Coul. recip. Position Rest.
    3.72928e+04    6.96640e+04   -6.32764e+05    2.06947e+03    8.13201e+02
      Potential    Kinetic En.   Total Energy  Conserved En.    Temperature
   -5.02980e+05    1.00727e+05   -4.02253e+05   -3.98616e+05    2.98458e+02
 Pressure (bar)   Constr. rmsd
    7.10167e+01    0.00000e+00

           Step           Time
          50000      100.00000

Writing checkpoint, step 50000 at Tue Aug 19 11:14:53 2025


   Energies (kJ/mol)
           Bond          Angle    Proper Dih. Per. Imp. Dih.          LJ-14
    2.34484e+03    6.20370e+03    8.45103e+03    3.21738e+02    2.83016e+03
     Coulomb-14        LJ (SR)   Coulomb (SR)   Coul. recip. Position Rest.
    3.73396e+04    6.88076e+04   -6.30179e+05    1.98153e+03    7.68679e+02
      Potential    Kinetic En.   Total Energy  Conserved En.    Temperature
   -5.01131e+05    1.01351e+05   -3.99780e+05   -3.98691e+05    3.00306e+02
 Pressure (bar)   Constr. rmsd
   -6.96567e+01    0.00000e+00


Energy conservation over simulation part #1 of length 100 ps, time 0 to 100 ps
  Conserved energy drift: 5.52e-04 kJ/mol/ps per atom


	<======  ###############  ==>
	<====  A V E R A G E S  ====>
	<==  ###############  ======>

	Statistics over 50001 steps using 501 frames

   Energies (kJ/mol)
           Bond          Angle    Proper Dih. Per. Imp. Dih.          LJ-14
    2.26336e+03    6.26372e+03    8.52697e+03    3.44976e+02    2.85661e+03
     Coulomb-14        LJ (SR)   Coulomb (SR)   Coul. recip. Position Rest.
    3.72948e+04    6.85572e+04   -6.30656e+05    1.98935e+03    7.46265e+02
      Potential    Kinetic En.   Total Energy  Conserved En.    Temperature
   -5.01813e+05    1.01302e+05   -4.00511e+05   -3.99634e+05    3.00160e+02
 Pressure (bar)   Constr. rmsd
   -3.47686e+00    0.00000e+00

          Box-X          Box-Y          Box-Z
    8.28501e+00    8.28501e+00    5.85839e+00

   Total Virial (kJ/mol)
    3.39406e+04    1.00299e+02   -1.28896e+02
    1.00299e+02    3.37195e+04    2.63685e+02
   -1.28906e+02    2.63677e+02    3.37735e+04

   Pressure (bar)
   -1.15393e+01   -7.73339e+00    1.01687e+01
   -7.73341e+00    2.37154e+00   -2.01475e+01
    1.01695e+01   -2.01468e+01   -1.26284e+00

      T-ProteinT-Water_and_ions
    3.00243e+02    3.00152e+02


	M E G A - F L O P S   A C C O U N T I N G

 NB=Group-cutoff nonbonded kernels    NxN=N-by-N cluster Verlet kernels
 RF=Reaction-Field  VdW=Van der Waals  QSTab=quadratic-spline table
 W3=SPC/TIP3p  W4=TIP4p (single or pairs)
 V&F=Potential and force  V=Potential only  F=Force only

 Computing:                               M-Number         M-Flops  % Flops
-----------------------------------------------------------------------------
 Pair Search distance check            2396.472128       21568.249     0.0
 NxN Ewald Elec. + LJ [F]           2550815.993088   198963647.461    98.2
 NxN Ewald Elec. + LJ [V&F]           25817.239872     3330423.943     1.6
 1,4 nonbonded interactions             415.608312       37404.748     0.0
 Shift-X                                 19.955331         119.732     0.0
 Bonds                                   77.101542        4548.991     0.0
 Angles                                 288.605772       48485.770     0.0
 Propers                                455.909118      104403.188     0.1
 Impropers                               27.500550        5720.114     0.0
 Pos. Restr.                             75.801516        3790.076     0.0
 Virial                                  19.977876         359.602     0.0
 P-Coupling                              19.955331         119.732     0.0
 Calc-Ekin                              398.389662       10756.521     0.0
-----------------------------------------------------------------------------
 Total                                               202531348.127   100.0
-----------------------------------------------------------------------------


      R E A L   C Y C L E   A N D   T I M E   A C C O U N T I N G

On 1 MPI rank, each using 4 OpenMP threads

 Activity:              Num   Num      Call    Wall time         Giga-Cycles
                        Ranks Threads  Count      (s)         total sum    %
--------------------------------------------------------------------------------
 Neighbor search           1    4        501       2.149         19.772  14.0
 Launch PP GPU ops.        1    4      99501       1.183         10.888   7.7
 Force                     1    4      50001       7.262         66.815  47.3
 PME GPU mesh              1    4      50001       1.531         14.088  10.0
 Wait GPU NB local         1    4      50001       0.002          0.020   0.0
 Wait GPU state copy       1    4      61001       0.829          7.630   5.4
 NB X/F buffer ops.        1    4        501       0.030          0.280   0.2
 Write traj.               1    4        101       0.240          2.206   1.6
 Rest                                              2.112         19.430  13.8
--------------------------------------------------------------------------------
 Total                                            15.340        141.130 100.0
--------------------------------------------------------------------------------
 Breakdown of PME mesh activities
--------------------------------------------------------------------------------
 Wait PME GPU gather       1    4      50001       0.002          0.021   0.0
 Reduce GPU PME F          1    4      50001       0.008          0.072   0.1
 Launch PME GPU ops.       1    4     450009       1.494         13.747   9.7
--------------------------------------------------------------------------------

NOTE: 14 % of the run time was spent in pair search,
      you might want to increase nstlist (this has no effect on accuracy)

               Core t (s)   Wall t (s)        (%)
       Time:       61.334       15.340      399.8
                 (ns/day)    (hour/ns)
Performance:      563.248        0.043
Finished mdrun on rank 0 Tue Aug 19 11:14:53 2025

